<?xml version="1.0" encoding="UTF-8"?>
<!-- Generated by org.testng.reporters.JUnitXMLReporter -->
<testsuite ignored="2" hostname="sunil-PC" failures="0" tests="2" name="FirefoxTest" time="92.77" errors="0" timestamp="23 Sep 2018 06:09:53 GMT">
  <testcase classname="workflow.STOR_1001_FileDownloadVerification" name="@BeforeClass init" time="0.001">
    <failure type="java.lang.NullPointerException">
      <![CDATA[java.lang.NullPointerExceptionat manager.WebDriverManager.getExtent(WebDriverManager.java:49)at manager.WebDriverManager.setDriver(WebDriverManager.java:55)at manager.WebDriverManager.getDriver(WebDriverManager.java:43)at workflow.STOR_1001_FileDownloadVerification.init(STOR_1001_FileDownloadVerification.java:19)at frameworkLibrary.SetupForProject.setup(SetupForProject.java:20)... Removed 48 stack frames]]>
    </failure>
  </testcase> <!-- @BeforeClass init -->
  <testcase classname="manager.WebDriverManager" name="@AfterMethod getResult" time="0.0">
    <skipped/>
  </testcase> <!-- @AfterMethod getResult -->
  <testcase classname="workflow.STOR_1001_FileDownloadVerification" name="@AfterClass tearDown" time="0.0">
    <skipped/>
  </testcase> <!-- @AfterClass tearDown -->
  <testcase classname="workflow.STOR_1000_InputFormValidationVerification" name="testSTOR_1000_InputFormValidationVerification" time="9.288"/>
  <testcase classname="workflow.STOR_1001_FileDownloadVerification" name="testSTOR_1001_FileDownloadVerification" time="0.0">
    <skipped/>
  </testcase> <!-- testSTOR_1001_FileDownloadVerification -->
  <testcase classname="manager.WebDriverManager" name="@AfterSuite flushExtent" time="0.0">
    <ignored/>
  </testcase> <!-- @AfterSuite flushExtent -->
  <testcase classname="manager.WebDriverManager" name="@BeforeSuite extentReportSetup" time="0.0">
    <ignored/>
  </testcase> <!-- @BeforeSuite extentReportSetup -->
</testsuite> <!-- FirefoxTest -->
